Build started 9/25/2019 10:55:51 PM.
     1>Project "C:\Users\DELL\Documents\Visual Studio 2010\Projects\DirectGraph2019_topologicalSort\DirectGraph2019_topologicalSort\DirectGraph2019_topologicalSort.vcxproj" on node 2 (build target(s)).
     1>InitializeBuildStatus:
         Creating "Debug\DirectGraph2019_topologicalSort.unsuccessfulbuild" because "AlwaysCreate" was specified.
       ClCompile:
         C:\Program Files (x86)\Microsoft Visual Studio 10.0\VC\bin\CL.exe /c /ZI /nologo /W3 /WX- /Od /Oy- /D WIN32 /D _DEBUG /D _CONSOLE /D _UNICODE /D UNICODE /Gm /EHsc /RTC1 /MDd /GS /fp:precise /Zc:wchar_t /Zc:forScope /Fo"Debug\\" /Fd"Debug\vc100.pdb" /Gd /TP /analyze- /errorReport:prompt DirectGraph2019_topologicalSort.cpp
         DirectGraph2019_topologicalSort.cpp
       ManifestResourceCompile:
         All outputs are up-to-date.
       Link:
         C:\Program Files (x86)\Microsoft Visual Studio 10.0\VC\bin\link.exe /ERRORREPORT:PROMPT /OUT:"C:\Users\DELL\Documents\Visual Studio 2010\Projects\DirectGraph2019_topologicalSort\Debug\DirectGraph2019_topologicalSort.exe" /INCREMENTAL /NOLOGO kernel32.lib user32.lib gdi32.lib winspool.lib comdlg32.lib advapi32.lib shell32.lib ole32.lib oleaut32.lib uuid.lib odbc32.lib odbccp32.lib /MANIFEST /ManifestFile:"Debug\DirectGraph2019_topologicalSort.exe.intermediate.manifest" /MANIFESTUAC:"level='asInvoker' uiAccess='false'" /DEBUG /PDB:"C:\Users\DELL\Documents\Visual Studio 2010\Projects\DirectGraph2019_topologicalSort\Debug\DirectGraph2019_topologicalSort.pdb" /SUBSYSTEM:CONSOLE /TLBID:1 /DYNAMICBASE /NXCOMPAT /IMPLIB:"C:\Users\DELL\Documents\Visual Studio 2010\Projects\DirectGraph2019_topologicalSort\Debug\DirectGraph2019_topologicalSort.lib" /MACHINE:X86 Debug\DirectGraph2019_topologicalSort.exe.embed.manifest.res
         Debug\DirectGraph2019_topologicalSort.obj
       Manifest:
         C:\Program Files (x86)\Microsoft SDKs\Windows\v7.0A\bin\mt.exe /nologo /verbose /out:"Debug\DirectGraph2019_topologicalSort.exe.embed.manifest" /manifest Debug\DirectGraph2019_topologicalSort.exe.intermediate.manifest
         All outputs are up-to-date.
       LinkEmbedManifest:
         All outputs are up-to-date.
         DirectGraph2019_topologicalSort.vcxproj -> C:\Users\DELL\Documents\Visual Studio 2010\Projects\DirectGraph2019_topologicalSort\Debug\DirectGraph2019_topologicalSort.exe
       FinalizeBuildStatus:
         Deleting file "Debug\DirectGraph2019_topologicalSort.unsuccessfulbuild".
         Touching "Debug\DirectGraph2019_topologicalSort.lastbuildstate".
     1>Done Building Project "C:\Users\DELL\Documents\Visual Studio 2010\Projects\DirectGraph2019_topologicalSort\DirectGraph2019_topologicalSort\DirectGraph2019_topologicalSort.vcxproj" (build target(s)).

Build succeeded.

Time Elapsed 00:00:01.17
