Build started 12/18/2019 3:38:29 PM.
     1>Project "c:\Users\DELL\documents\visual studio 2010\Projects\fibonacci\fibonacci\fibonacci.vcxproj" on node 2 (build target(s)).
     1>InitializeBuildStatus:
         Creating "Debug\fibonacci.unsuccessfulbuild" because "AlwaysCreate" was specified.
       ClCompile:
         C:\Program Files (x86)\Microsoft Visual Studio 10.0\VC\bin\CL.exe /c /ZI /nologo /W3 /WX- /Od /Oy- /D WIN32 /D _DEBUG /D _CONSOLE /D _UNICODE /D UNICODE /Gm /EHsc /RTC1 /MDd /GS /fp:precise /Zc:wchar_t /Zc:forScope /Fo"Debug\\" /Fd"Debug\vc100.pdb" /Gd /TP /analyze- /errorReport:prompt fibonacci.cpp
         fibonacci.cpp
     1>c:\users\dell\documents\visual studio 2010\projects\fibonacci\fibonacci\fibonacci.cpp(8): warning C4018: '<' : signed/unsigned mismatch
       ManifestResourceCompile:
         All outputs are up-to-date.
       Link:
         C:\Program Files (x86)\Microsoft Visual Studio 10.0\VC\bin\link.exe /ERRORREPORT:PROMPT /OUT:"c:\users\dell\documents\visual studio 2010\Projects\fibonacci\Debug\fibonacci.exe" /INCREMENTAL /NOLOGO kernel32.lib user32.lib gdi32.lib winspool.lib comdlg32.lib advapi32.lib shell32.lib ole32.lib oleaut32.lib uuid.lib odbc32.lib odbccp32.lib /MANIFEST /ManifestFile:"Debug\fibonacci.exe.intermediate.manifest" /MANIFESTUAC:"level='asInvoker' uiAccess='false'" /DEBUG /PDB:"c:\users\dell\documents\visual studio 2010\Projects\fibonacci\Debug\fibonacci.pdb" /SUBSYSTEM:CONSOLE /TLBID:1 /DYNAMICBASE /NXCOMPAT /IMPLIB:"c:\users\dell\documents\visual studio 2010\Projects\fibonacci\Debug\fibonacci.lib" /MACHINE:X86 Debug\fibonacci.exe.embed.manifest.res
         Debug\fibonacci.obj
       Manifest:
         C:\Program Files (x86)\Microsoft SDKs\Windows\v7.0A\bin\mt.exe /nologo /verbose /out:"Debug\fibonacci.exe.embed.manifest" /manifest Debug\fibonacci.exe.intermediate.manifest
         All outputs are up-to-date.
       LinkEmbedManifest:
         All outputs are up-to-date.
         fibonacci.vcxproj -> c:\users\dell\documents\visual studio 2010\Projects\fibonacci\Debug\fibonacci.exe
       FinalizeBuildStatus:
         Deleting file "Debug\fibonacci.unsuccessfulbuild".
         Touching "Debug\fibonacci.lastbuildstate".
     1>Done Building Project "c:\Users\DELL\documents\visual studio 2010\Projects\fibonacci\fibonacci\fibonacci.vcxproj" (build target(s)).

Build succeeded.

Time Elapsed 00:00:01.07
