Build started 11/21/2019 6:25:29 PM.
     1>Project "c:\Users\DELL\documents\visual studio 2010\Projects\ChangeMakingProblem(DynamicPRograming)\ChangeMakingProblem(DynamicPRograming)\ChangeMakingProblem(DynamicPRograming).vcxproj" on node 2 (build target(s)).
     1>InitializeBuildStatus:
         Creating "Debug\ChangeMakingProblem(DynamicPRograming).unsuccessfulbuild" because "AlwaysCreate" was specified.
       ClCompile:
         C:\Program Files (x86)\Microsoft Visual Studio 10.0\VC\bin\CL.exe /c /ZI /nologo /W3 /WX- /Od /Oy- /D WIN32 /D _DEBUG /D _CONSOLE /D _UNICODE /D UNICODE /Gm /EHsc /RTC1 /MDd /GS /fp:precise /Zc:wchar_t /Zc:forScope /Fo"Debug\\" /Fd"Debug\vc100.pdb" /Gd /TP /analyze- /errorReport:prompt "ChangeMakingProblem(DynamicPRograming).cpp"
         ChangeMakingProblem(DynamicPRograming).cpp
       ManifestResourceCompile:
         All outputs are up-to-date.
       Link:
         C:\Program Files (x86)\Microsoft Visual Studio 10.0\VC\bin\link.exe /ERRORREPORT:PROMPT /OUT:"c:\users\dell\documents\visual studio 2010\Projects\ChangeMakingProblem(DynamicPRograming)\Debug\ChangeMakingProblem(DynamicPRograming).exe" /INCREMENTAL /NOLOGO kernel32.lib user32.lib gdi32.lib winspool.lib comdlg32.lib advapi32.lib shell32.lib ole32.lib oleaut32.lib uuid.lib odbc32.lib odbccp32.lib /MANIFEST /ManifestFile:"Debug\ChangeMakingProblem(DynamicPRograming).exe.intermediate.manifest" /MANIFESTUAC:"level='asInvoker' uiAccess='false'" /DEBUG /PDB:"c:\users\dell\documents\visual studio 2010\Projects\ChangeMakingProblem(DynamicPRograming)\Debug\ChangeMakingProblem(DynamicPRograming).pdb" /SUBSYSTEM:CONSOLE /TLBID:1 /DYNAMICBASE /NXCOMPAT /IMPLIB:"c:\users\dell\documents\visual studio 2010\Projects\ChangeMakingProblem(DynamicPRograming)\Debug\ChangeMakingProblem(DynamicPRograming).lib" /MACHINE:X86 "Debug\ChangeMakingProblem(DynamicPRograming).exe.embed.manifest.res"
         "Debug\ChangeMakingProblem(DynamicPRograming).obj"
       Manifest:
         C:\Program Files (x86)\Microsoft SDKs\Windows\v7.0A\bin\mt.exe /nologo /verbose /out:"Debug\ChangeMakingProblem(DynamicPRograming).exe.embed.manifest" /manifest "Debug\ChangeMakingProblem(DynamicPRograming).exe.intermediate.manifest"
         All outputs are up-to-date.
       LinkEmbedManifest:
         All outputs are up-to-date.
         ChangeMakingProblem(DynamicPRograming).vcxproj -> c:\users\dell\documents\visual studio 2010\Projects\ChangeMakingProblem(DynamicPRograming)\Debug\ChangeMakingProblem(DynamicPRograming).exe
       FinalizeBuildStatus:
         Deleting file "Debug\ChangeMakingProblem(DynamicPRograming).unsuccessfulbuild".
         Touching "Debug\ChangeMakingProblem(DynamicPRograming).lastbuildstate".
     1>Done Building Project "c:\Users\DELL\documents\visual studio 2010\Projects\ChangeMakingProblem(DynamicPRograming)\ChangeMakingProblem(DynamicPRograming)\ChangeMakingProblem(DynamicPRograming).vcxproj" (build target(s)).

Build succeeded.

Time Elapsed 00:00:01.17
