Build started 8/17/2019 12:57:05 AM.
     1>Project "c:\Users\DELL\documents\visual studio 2010\Projects\stack2019linkedlist\stack2019linkedlist\stack2019linkedlist.vcxproj" on node 2 (build target(s)).
     1>InitializeBuildStatus:
         Creating "Debug\stack2019linkedlist.unsuccessfulbuild" because "AlwaysCreate" was specified.
       ClCompile:
         C:\Program Files (x86)\Microsoft Visual Studio 10.0\VC\bin\CL.exe /c /ZI /nologo /W3 /WX- /Od /Oy- /D WIN32 /D _DEBUG /D _CONSOLE /D _UNICODE /D UNICODE /Gm /EHsc /RTC1 /MDd /GS /fp:precise /Zc:wchar_t /Zc:forScope /Fo"Debug\\" /Fd"Debug\vc100.pdb" /Gd /TP /analyze- /errorReport:prompt stack2019linkedlist.cpp
         stack2019linkedlist.cpp
       ManifestResourceCompile:
         All outputs are up-to-date.
       Link:
         C:\Program Files (x86)\Microsoft Visual Studio 10.0\VC\bin\link.exe /ERRORREPORT:PROMPT /OUT:"c:\users\dell\documents\visual studio 2010\Projects\stack2019linkedlist\Debug\stack2019linkedlist.exe" /INCREMENTAL /NOLOGO kernel32.lib user32.lib gdi32.lib winspool.lib comdlg32.lib advapi32.lib shell32.lib ole32.lib oleaut32.lib uuid.lib odbc32.lib odbccp32.lib /MANIFEST /ManifestFile:"Debug\stack2019linkedlist.exe.intermediate.manifest" /MANIFESTUAC:"level='asInvoker' uiAccess='false'" /DEBUG /PDB:"c:\users\dell\documents\visual studio 2010\Projects\stack2019linkedlist\Debug\stack2019linkedlist.pdb" /SUBSYSTEM:CONSOLE /TLBID:1 /DYNAMICBASE /NXCOMPAT /IMPLIB:"c:\users\dell\documents\visual studio 2010\Projects\stack2019linkedlist\Debug\stack2019linkedlist.lib" /MACHINE:X86 Debug\stack2019linkedlist.exe.embed.manifest.res
         Debug\stack2019linkedlist.obj
       Manifest:
         C:\Program Files (x86)\Microsoft SDKs\Windows\v7.0A\bin\mt.exe /nologo /verbose /out:"Debug\stack2019linkedlist.exe.embed.manifest" /manifest Debug\stack2019linkedlist.exe.intermediate.manifest
         All outputs are up-to-date.
       LinkEmbedManifest:
         All outputs are up-to-date.
         stack2019linkedlist.vcxproj -> c:\users\dell\documents\visual studio 2010\Projects\stack2019linkedlist\Debug\stack2019linkedlist.exe
       FinalizeBuildStatus:
         Deleting file "Debug\stack2019linkedlist.unsuccessfulbuild".
         Touching "Debug\stack2019linkedlist.lastbuildstate".
     1>Done Building Project "c:\Users\DELL\documents\visual studio 2010\Projects\stack2019linkedlist\stack2019linkedlist\stack2019linkedlist.vcxproj" (build target(s)).

Build succeeded.

Time Elapsed 00:00:01.16
