Build started 12/3/2019 8:10:35 PM.
     1>Project "C:\Users\DELL\Documents\Visual Studio 2010\Projects\ShortestPath_Graph2019\ShortestPath_Graph2019\ShortestPath_Graph2019.vcxproj" on node 2 (build target(s)).
     1>InitializeBuildStatus:
         Creating "Debug\ShortestPath_Graph2019.unsuccessfulbuild" because "AlwaysCreate" was specified.
       ClCompile:
         C:\Program Files (x86)\Microsoft Visual Studio 10.0\VC\bin\CL.exe /c /ZI /nologo /W3 /WX- /Od /Oy- /D WIN32 /D _DEBUG /D _CONSOLE /D _UNICODE /D UNICODE /Gm /EHsc /RTC1 /MDd /GS /fp:precise /Zc:wchar_t /Zc:forScope /Fo"Debug\\" /Fd"Debug\vc100.pdb" /Gd /TP /analyze- /errorReport:prompt ShortestPath_Graph2019.cpp
         ShortestPath_Graph2019.cpp
     1>c:\users\dell\documents\visual studio 2010\projects\shortestpath_graph2019\shortestpath_graph2019\shortestpath_graph2019.cpp(64): warning C4018: '<' : signed/unsigned mismatch
       ManifestResourceCompile:
         All outputs are up-to-date.
       Link:
         C:\Program Files (x86)\Microsoft Visual Studio 10.0\VC\bin\link.exe /ERRORREPORT:PROMPT /OUT:"C:\Users\DELL\Documents\Visual Studio 2010\Projects\ShortestPath_Graph2019\Debug\ShortestPath_Graph2019.exe" /INCREMENTAL /NOLOGO kernel32.lib user32.lib gdi32.lib winspool.lib comdlg32.lib advapi32.lib shell32.lib ole32.lib oleaut32.lib uuid.lib odbc32.lib odbccp32.lib /MANIFEST /ManifestFile:"Debug\ShortestPath_Graph2019.exe.intermediate.manifest" /MANIFESTUAC:"level='asInvoker' uiAccess='false'" /DEBUG /PDB:"C:\Users\DELL\Documents\Visual Studio 2010\Projects\ShortestPath_Graph2019\Debug\ShortestPath_Graph2019.pdb" /SUBSYSTEM:CONSOLE /TLBID:1 /DYNAMICBASE /NXCOMPAT /IMPLIB:"C:\Users\DELL\Documents\Visual Studio 2010\Projects\ShortestPath_Graph2019\Debug\ShortestPath_Graph2019.lib" /MACHINE:X86 Debug\ShortestPath_Graph2019.exe.embed.manifest.res
         Debug\ShortestPath_Graph2019.obj
       Manifest:
         C:\Program Files (x86)\Microsoft SDKs\Windows\v7.0A\bin\mt.exe /nologo /verbose /out:"Debug\ShortestPath_Graph2019.exe.embed.manifest" /manifest Debug\ShortestPath_Graph2019.exe.intermediate.manifest
         All outputs are up-to-date.
       LinkEmbedManifest:
         All outputs are up-to-date.
         ShortestPath_Graph2019.vcxproj -> C:\Users\DELL\Documents\Visual Studio 2010\Projects\ShortestPath_Graph2019\Debug\ShortestPath_Graph2019.exe
       FinalizeBuildStatus:
         Deleting file "Debug\ShortestPath_Graph2019.unsuccessfulbuild".
         Touching "Debug\ShortestPath_Graph2019.lastbuildstate".
     1>Done Building Project "C:\Users\DELL\Documents\Visual Studio 2010\Projects\ShortestPath_Graph2019\ShortestPath_Graph2019\ShortestPath_Graph2019.vcxproj" (build target(s)).

Build succeeded.

Time Elapsed 00:00:01.18
