Build started 11/21/2019 6:03:01 PM.
     1>Project "c:\Users\DELL\documents\visual studio 2010\Projects\CoinRow(DynamicPrograming)\CoinRow(DynamicPrograming)\CoinRow(DynamicPrograming).vcxproj" on node 2 (build target(s)).
     1>InitializeBuildStatus:
         Creating "Debug\CoinRow(DynamicPrograming).unsuccessfulbuild" because "AlwaysCreate" was specified.
       ClCompile:
         C:\Program Files (x86)\Microsoft Visual Studio 10.0\VC\bin\CL.exe /c /ZI /nologo /W3 /WX- /Od /Oy- /D WIN32 /D _DEBUG /D _CONSOLE /D _UNICODE /D UNICODE /Gm /EHsc /RTC1 /MDd /GS /fp:precise /Zc:wchar_t /Zc:forScope /Fo"Debug\\" /Fd"Debug\vc100.pdb" /Gd /TP /analyze- /errorReport:prompt "CoinRow(DynamicPRograming).cpp"
         CoinRow(DynamicPRograming).cpp
       ManifestResourceCompile:
         All outputs are up-to-date.
       Link:
         C:\Program Files (x86)\Microsoft Visual Studio 10.0\VC\bin\link.exe /ERRORREPORT:PROMPT /OUT:"c:\users\dell\documents\visual studio 2010\Projects\CoinRow(DynamicPrograming)\Debug\CoinRow(DynamicPrograming).exe" /INCREMENTAL /NOLOGO kernel32.lib user32.lib gdi32.lib winspool.lib comdlg32.lib advapi32.lib shell32.lib ole32.lib oleaut32.lib uuid.lib odbc32.lib odbccp32.lib /MANIFEST /ManifestFile:"Debug\CoinRow(DynamicPrograming).exe.intermediate.manifest" /MANIFESTUAC:"level='asInvoker' uiAccess='false'" /DEBUG /PDB:"c:\users\dell\documents\visual studio 2010\Projects\CoinRow(DynamicPrograming)\Debug\CoinRow(DynamicPrograming).pdb" /SUBSYSTEM:CONSOLE /TLBID:1 /DYNAMICBASE /NXCOMPAT /IMPLIB:"c:\users\dell\documents\visual studio 2010\Projects\CoinRow(DynamicPrograming)\Debug\CoinRow(DynamicPrograming).lib" /MACHINE:X86 "Debug\CoinRow(DynamicPrograming).exe.embed.manifest.res"
         "Debug\CoinRow(DynamicPRograming).obj"
       Manifest:
         C:\Program Files (x86)\Microsoft SDKs\Windows\v7.0A\bin\mt.exe /nologo /verbose /out:"Debug\CoinRow(DynamicPrograming).exe.embed.manifest" /manifest "Debug\CoinRow(DynamicPrograming).exe.intermediate.manifest"
         All outputs are up-to-date.
       LinkEmbedManifest:
         All outputs are up-to-date.
         CoinRow(DynamicPrograming).vcxproj -> c:\users\dell\documents\visual studio 2010\Projects\CoinRow(DynamicPrograming)\Debug\CoinRow(DynamicPrograming).exe
       FinalizeBuildStatus:
         Deleting file "Debug\CoinRow(DynamicPrograming).unsuccessfulbuild".
         Touching "Debug\CoinRow(DynamicPrograming).lastbuildstate".
     1>Done Building Project "c:\Users\DELL\documents\visual studio 2010\Projects\CoinRow(DynamicPrograming)\CoinRow(DynamicPrograming)\CoinRow(DynamicPrograming).vcxproj" (build target(s)).

Build succeeded.

Time Elapsed 00:00:01.29
