Build started 12/05/2018 07:12:07 م.
     1>Project "C:\Users\DELL\Documents\Visual Studio 2010\Projects\sieve of Eratosthenes\sieve of Eratosthenes\sieve of Eratosthenes.vcxproj" on node 2 (build target(s)).
     1>InitializeBuildStatus:
         Creating "Debug\sieve of Eratosthenes.unsuccessfulbuild" because "AlwaysCreate" was specified.
       ClCompile:
         C:\Program Files (x86)\Microsoft Visual Studio 10.0\VC\bin\CL.exe /c /ZI /nologo /W3 /WX- /Od /Oy- /D WIN32 /D _DEBUG /D _CONSOLE /D _UNICODE /D UNICODE /Gm /EHsc /RTC1 /MDd /GS /fp:precise /Zc:wchar_t /Zc:forScope /Fo"Debug\\" /Fd"Debug\vc100.pdb" /Gd /TP /analyze- /errorReport:prompt "sieve of Eratosthenes.cpp"
         sieve of Eratosthenes.cpp
       ManifestResourceCompile:
         All outputs are up-to-date.
       Link:
         C:\Program Files (x86)\Microsoft Visual Studio 10.0\VC\bin\link.exe /ERRORREPORT:PROMPT /OUT:"C:\Users\DELL\Documents\Visual Studio 2010\Projects\sieve of Eratosthenes\Debug\sieve of Eratosthenes.exe" /INCREMENTAL /NOLOGO kernel32.lib user32.lib gdi32.lib winspool.lib comdlg32.lib advapi32.lib shell32.lib ole32.lib oleaut32.lib uuid.lib odbc32.lib odbccp32.lib /MANIFEST /ManifestFile:"Debug\sieve of Eratosthenes.exe.intermediate.manifest" /MANIFESTUAC:"level='asInvoker' uiAccess='false'" /DEBUG /PDB:"C:\Users\DELL\Documents\Visual Studio 2010\Projects\sieve of Eratosthenes\Debug\sieve of Eratosthenes.pdb" /SUBSYSTEM:CONSOLE /TLBID:1 /DYNAMICBASE /NXCOMPAT /IMPLIB:"C:\Users\DELL\Documents\Visual Studio 2010\Projects\sieve of Eratosthenes\Debug\sieve of Eratosthenes.lib" /MACHINE:X86 "Debug\sieve of Eratosthenes.exe.embed.manifest.res"
         "Debug\sieve of Eratosthenes.obj"
       Manifest:
         C:\Program Files (x86)\Microsoft SDKs\Windows\v7.0A\bin\mt.exe /nologo /verbose /out:"Debug\sieve of Eratosthenes.exe.embed.manifest" /manifest "Debug\sieve of Eratosthenes.exe.intermediate.manifest"
         All outputs are up-to-date.
       LinkEmbedManifest:
         All outputs are up-to-date.
         sieve of Eratosthenes.vcxproj -> C:\Users\DELL\Documents\Visual Studio 2010\Projects\sieve of Eratosthenes\Debug\sieve of Eratosthenes.exe
       FinalizeBuildStatus:
         Deleting file "Debug\sieve of Eratosthenes.unsuccessfulbuild".
         Touching "Debug\sieve of Eratosthenes.lastbuildstate".
     1>Done Building Project "C:\Users\DELL\Documents\Visual Studio 2010\Projects\sieve of Eratosthenes\sieve of Eratosthenes\sieve of Eratosthenes.vcxproj" (build target(s)).

Build succeeded.

Time Elapsed 00:00:01.36
