Build started 10/16/2019 5:14:39 PM.
     1>Project "c:\Users\DELL\documents\visual studio 2010\Projects\uniqueness_presort\uniqueness_presort\uniqueness_presort.vcxproj" on node 2 (build target(s)).
     1>InitializeBuildStatus:
         Creating "Debug\uniqueness_presort.unsuccessfulbuild" because "AlwaysCreate" was specified.
       ClCompile:
         C:\Program Files (x86)\Microsoft Visual Studio 10.0\VC\bin\CL.exe /c /ZI /nologo /W3 /WX- /Od /Oy- /D WIN32 /D _DEBUG /D _CONSOLE /D _UNICODE /D UNICODE /Gm /EHsc /RTC1 /MDd /GS /fp:precise /Zc:wchar_t /Zc:forScope /Fo"Debug\\" /Fd"Debug\vc100.pdb" /Gd /TP /analyze- /errorReport:prompt uniqueness_presort.cpp
         uniqueness_presort.cpp
       ManifestResourceCompile:
         All outputs are up-to-date.
       Link:
         C:\Program Files (x86)\Microsoft Visual Studio 10.0\VC\bin\link.exe /ERRORREPORT:PROMPT /OUT:"c:\users\dell\documents\visual studio 2010\Projects\uniqueness_presort\Debug\uniqueness_presort.exe" /INCREMENTAL /NOLOGO kernel32.lib user32.lib gdi32.lib winspool.lib comdlg32.lib advapi32.lib shell32.lib ole32.lib oleaut32.lib uuid.lib odbc32.lib odbccp32.lib /MANIFEST /ManifestFile:"Debug\uniqueness_presort.exe.intermediate.manifest" /MANIFESTUAC:"level='asInvoker' uiAccess='false'" /DEBUG /PDB:"c:\users\dell\documents\visual studio 2010\Projects\uniqueness_presort\Debug\uniqueness_presort.pdb" /SUBSYSTEM:CONSOLE /TLBID:1 /DYNAMICBASE /NXCOMPAT /IMPLIB:"c:\users\dell\documents\visual studio 2010\Projects\uniqueness_presort\Debug\uniqueness_presort.lib" /MACHINE:X86 Debug\uniqueness_presort.exe.embed.manifest.res
         Debug\uniqueness_presort.obj
       Manifest:
         C:\Program Files (x86)\Microsoft SDKs\Windows\v7.0A\bin\mt.exe /nologo /verbose /out:"Debug\uniqueness_presort.exe.embed.manifest" /manifest Debug\uniqueness_presort.exe.intermediate.manifest
         All outputs are up-to-date.
       LinkEmbedManifest:
         All outputs are up-to-date.
         uniqueness_presort.vcxproj -> c:\users\dell\documents\visual studio 2010\Projects\uniqueness_presort\Debug\uniqueness_presort.exe
       FinalizeBuildStatus:
         Deleting file "Debug\uniqueness_presort.unsuccessfulbuild".
         Touching "Debug\uniqueness_presort.lastbuildstate".
     1>Done Building Project "c:\Users\DELL\documents\visual studio 2010\Projects\uniqueness_presort\uniqueness_presort\uniqueness_presort.vcxproj" (build target(s)).

Build succeeded.

Time Elapsed 00:00:01.22
