Build started 9/1/2019 6:59:17 PM.
     1>Project "c:\Users\DELL\documents\visual studio 2010\Projects\SieveofEratosthenes\SieveofEratosthenes\SieveofEratosthenes.vcxproj" on node 2 (build target(s)).
     1>InitializeBuildStatus:
         Creating "Debug\SieveofEratosthenes.unsuccessfulbuild" because "AlwaysCreate" was specified.
       ClCompile:
         C:\Program Files (x86)\Microsoft Visual Studio 10.0\VC\bin\CL.exe /c /ZI /nologo /W3 /WX- /Od /Oy- /D WIN32 /D _DEBUG /D _CONSOLE /D _UNICODE /D UNICODE /Gm /EHsc /RTC1 /MDd /GS /fp:precise /Zc:wchar_t /Zc:forScope /Fo"Debug\\" /Fd"Debug\vc100.pdb" /Gd /TP /analyze- /errorReport:prompt SieveofEratosthenes.cpp
         SieveofEratosthenes.cpp
     1>c:\users\dell\documents\visual studio 2010\projects\sieveoferatosthenes\sieveoferatosthenes\sieveoferatosthenes.cpp(10): warning C4244: 'initializing' : conversion from 'float' to 'int', possible loss of data
       ManifestResourceCompile:
         All outputs are up-to-date.
       Link:
         C:\Program Files (x86)\Microsoft Visual Studio 10.0\VC\bin\link.exe /ERRORREPORT:PROMPT /OUT:"c:\users\dell\documents\visual studio 2010\Projects\SieveofEratosthenes\Debug\SieveofEratosthenes.exe" /INCREMENTAL /NOLOGO kernel32.lib user32.lib gdi32.lib winspool.lib comdlg32.lib advapi32.lib shell32.lib ole32.lib oleaut32.lib uuid.lib odbc32.lib odbccp32.lib /MANIFEST /ManifestFile:"Debug\SieveofEratosthenes.exe.intermediate.manifest" /MANIFESTUAC:"level='asInvoker' uiAccess='false'" /DEBUG /PDB:"c:\users\dell\documents\visual studio 2010\Projects\SieveofEratosthenes\Debug\SieveofEratosthenes.pdb" /SUBSYSTEM:CONSOLE /TLBID:1 /DYNAMICBASE /NXCOMPAT /IMPLIB:"c:\users\dell\documents\visual studio 2010\Projects\SieveofEratosthenes\Debug\SieveofEratosthenes.lib" /MACHINE:X86 Debug\SieveofEratosthenes.exe.embed.manifest.res
         Debug\SieveofEratosthenes.obj
       Manifest:
         C:\Program Files (x86)\Microsoft SDKs\Windows\v7.0A\bin\mt.exe /nologo /verbose /out:"Debug\SieveofEratosthenes.exe.embed.manifest" /manifest Debug\SieveofEratosthenes.exe.intermediate.manifest
         All outputs are up-to-date.
       LinkEmbedManifest:
         All outputs are up-to-date.
         SieveofEratosthenes.vcxproj -> c:\users\dell\documents\visual studio 2010\Projects\SieveofEratosthenes\Debug\SieveofEratosthenes.exe
       FinalizeBuildStatus:
         Deleting file "Debug\SieveofEratosthenes.unsuccessfulbuild".
         Touching "Debug\SieveofEratosthenes.lastbuildstate".
     1>Done Building Project "c:\Users\DELL\documents\visual studio 2010\Projects\SieveofEratosthenes\SieveofEratosthenes\SieveofEratosthenes.vcxproj" (build target(s)).

Build succeeded.

Time Elapsed 00:00:01.16
