Build started 12/6/2019 4:35:06 PM.
     1>Project "c:\Users\DELL\documents\visual studio 2010\Projects\SumOfSubsets\SumOfSubsets\SumOfSubsets.vcxproj" on node 2 (build target(s)).
     1>InitializeBuildStatus:
         Creating "Debug\SumOfSubsets.unsuccessfulbuild" because "AlwaysCreate" was specified.
       ClCompile:
         C:\Program Files (x86)\Microsoft Visual Studio 10.0\VC\bin\CL.exe /c /ZI /nologo /W3 /WX- /Od /Oy- /D WIN32 /D _DEBUG /D _CONSOLE /D _UNICODE /D UNICODE /Gm /EHsc /RTC1 /MDd /GS /fp:precise /Zc:wchar_t /Zc:forScope /Fo"Debug\\" /Fd"Debug\vc100.pdb" /Gd /TP /analyze- /errorReport:prompt SumOfSubsets.cpp
         SumOfSubsets.cpp
     1>c:\users\dell\documents\visual studio 2010\projects\sumofsubsets\sumofsubsets\sumofsubsets.cpp(6): warning C4018: '<' : signed/unsigned mismatch
     1>c:\users\dell\documents\visual studio 2010\projects\sumofsubsets\sumofsubsets\sumofsubsets.cpp(15): warning C4018: '<' : signed/unsigned mismatch
     1>c:\users\dell\documents\visual studio 2010\projects\sumofsubsets\sumofsubsets\sumofsubsets.cpp(16): warning C4018: '<' : signed/unsigned mismatch
       ManifestResourceCompile:
         All outputs are up-to-date.
       Link:
         C:\Program Files (x86)\Microsoft Visual Studio 10.0\VC\bin\link.exe /ERRORREPORT:PROMPT /OUT:"c:\users\dell\documents\visual studio 2010\Projects\SumOfSubsets\Debug\SumOfSubsets.exe" /INCREMENTAL /NOLOGO kernel32.lib user32.lib gdi32.lib winspool.lib comdlg32.lib advapi32.lib shell32.lib ole32.lib oleaut32.lib uuid.lib odbc32.lib odbccp32.lib /MANIFEST /ManifestFile:"Debug\SumOfSubsets.exe.intermediate.manifest" /MANIFESTUAC:"level='asInvoker' uiAccess='false'" /DEBUG /PDB:"c:\users\dell\documents\visual studio 2010\Projects\SumOfSubsets\Debug\SumOfSubsets.pdb" /SUBSYSTEM:CONSOLE /TLBID:1 /DYNAMICBASE /NXCOMPAT /IMPLIB:"c:\users\dell\documents\visual studio 2010\Projects\SumOfSubsets\Debug\SumOfSubsets.lib" /MACHINE:X86 Debug\SumOfSubsets.exe.embed.manifest.res
         Debug\SumOfSubsets.obj
       Manifest:
         C:\Program Files (x86)\Microsoft SDKs\Windows\v7.0A\bin\mt.exe /nologo /verbose /out:"Debug\SumOfSubsets.exe.embed.manifest" /manifest Debug\SumOfSubsets.exe.intermediate.manifest
         All outputs are up-to-date.
       LinkEmbedManifest:
         All outputs are up-to-date.
         SumOfSubsets.vcxproj -> c:\users\dell\documents\visual studio 2010\Projects\SumOfSubsets\Debug\SumOfSubsets.exe
       FinalizeBuildStatus:
         Deleting file "Debug\SumOfSubsets.unsuccessfulbuild".
         Touching "Debug\SumOfSubsets.lastbuildstate".
     1>Done Building Project "c:\Users\DELL\documents\visual studio 2010\Projects\SumOfSubsets\SumOfSubsets\SumOfSubsets.vcxproj" (build target(s)).

Build succeeded.

Time Elapsed 00:00:01.06
