Build started 10/6/2019 5:07:08 PM.
     1>Project "C:\Users\DELL\Documents\Visual Studio 2010\Projects\SelectionSort\SelectionSort\SelectionSort.vcxproj" on node 2 (build target(s)).
     1>InitializeBuildStatus:
         Creating "Debug\SelectionSort.unsuccessfulbuild" because "AlwaysCreate" was specified.
       ClCompile:
         C:\Program Files (x86)\Microsoft Visual Studio 10.0\VC\bin\CL.exe /c /ZI /nologo /W3 /WX- /Od /Oy- /D WIN32 /D _DEBUG /D _CONSOLE /D _UNICODE /D UNICODE /Gm /EHsc /RTC1 /MDd /GS /fp:precise /Zc:wchar_t /Zc:forScope /Fo"Debug\\" /Fd"Debug\vc100.pdb" /Gd /TP /analyze- /errorReport:prompt SelectionSort.cpp
         SelectionSort.cpp
     1>c:\users\dell\documents\visual studio 2010\projects\selectionsort\selectionsort\selectionsort.cpp(58): warning C4018: '<' : signed/unsigned mismatch
     1>c:\users\dell\documents\visual studio 2010\projects\selectionsort\selectionsort\selectionsort.cpp(66): warning C4018: '<' : signed/unsigned mismatch
     1>c:\users\dell\documents\visual studio 2010\projects\selectionsort\selectionsort\selectionsort.cpp(76): warning C4018: '<' : signed/unsigned mismatch
     1>c:\users\dell\documents\visual studio 2010\projects\selectionsort\selectionsort\selectionsort.cpp(76): warning C4018: '<' : signed/unsigned mismatch
       ManifestResourceCompile:
         All outputs are up-to-date.
       Link:
         C:\Program Files (x86)\Microsoft Visual Studio 10.0\VC\bin\link.exe /ERRORREPORT:PROMPT /OUT:"C:\Users\DELL\Documents\Visual Studio 2010\Projects\SelectionSort\Debug\SelectionSort.exe" /INCREMENTAL /NOLOGO kernel32.lib user32.lib gdi32.lib winspool.lib comdlg32.lib advapi32.lib shell32.lib ole32.lib oleaut32.lib uuid.lib odbc32.lib odbccp32.lib /MANIFEST /ManifestFile:"Debug\SelectionSort.exe.intermediate.manifest" /MANIFESTUAC:"level='asInvoker' uiAccess='false'" /DEBUG /PDB:"C:\Users\DELL\Documents\Visual Studio 2010\Projects\SelectionSort\Debug\SelectionSort.pdb" /SUBSYSTEM:CONSOLE /TLBID:1 /DYNAMICBASE /NXCOMPAT /IMPLIB:"C:\Users\DELL\Documents\Visual Studio 2010\Projects\SelectionSort\Debug\SelectionSort.lib" /MACHINE:X86 Debug\SelectionSort.exe.embed.manifest.res
         Debug\SelectionSort.obj
       Manifest:
         C:\Program Files (x86)\Microsoft SDKs\Windows\v7.0A\bin\mt.exe /nologo /verbose /out:"Debug\SelectionSort.exe.embed.manifest" /manifest Debug\SelectionSort.exe.intermediate.manifest
         All outputs are up-to-date.
       LinkEmbedManifest:
         All outputs are up-to-date.
         SelectionSort.vcxproj -> C:\Users\DELL\Documents\Visual Studio 2010\Projects\SelectionSort\Debug\SelectionSort.exe
       FinalizeBuildStatus:
         Deleting file "Debug\SelectionSort.unsuccessfulbuild".
         Touching "Debug\SelectionSort.lastbuildstate".
     1>Done Building Project "C:\Users\DELL\Documents\Visual Studio 2010\Projects\SelectionSort\SelectionSort\SelectionSort.vcxproj" (build target(s)).

Build succeeded.

Time Elapsed 00:00:01.21
