Build started 10/8/2021 11:25:56 PM.
     1>Project "C:\Users\DELL\Documents\Visual Studio 2010\Projects\WaysToDecodeaString_2019\WaysToDecodeaString_2019\WaysToDecodeaString_2019.vcxproj" on node 2 (build target(s)).
     1>InitializeBuildStatus:
         Creating "Debug\WaysToDecodeaString_2019.unsuccessfulbuild" because "AlwaysCreate" was specified.
       ClCompile:
         C:\Program Files (x86)\Microsoft Visual Studio 10.0\VC\bin\CL.exe /c /ZI /nologo /W3 /WX- /Od /Oy- /D WIN32 /D _DEBUG /D _CONSOLE /D _UNICODE /D UNICODE /Gm /EHsc /RTC1 /MDd /GS /fp:precise /Zc:wchar_t /Zc:forScope /Fo"Debug\\" /Fd"Debug\vc100.pdb" /Gd /TP /analyze- /errorReport:prompt WaysToDecodeaString.cpp
         WaysToDecodeaString.cpp
       ManifestResourceCompile:
         All outputs are up-to-date.
       Link:
         C:\Program Files (x86)\Microsoft Visual Studio 10.0\VC\bin\link.exe /ERRORREPORT:PROMPT /OUT:"C:\Users\DELL\Documents\Visual Studio 2010\Projects\WaysToDecodeaString_2019\Debug\WaysToDecodeaString_2019.exe" /INCREMENTAL /NOLOGO kernel32.lib user32.lib gdi32.lib winspool.lib comdlg32.lib advapi32.lib shell32.lib ole32.lib oleaut32.lib uuid.lib odbc32.lib odbccp32.lib /MANIFEST /ManifestFile:"Debug\WaysToDecodeaString_2019.exe.intermediate.manifest" /MANIFESTUAC:"level='asInvoker' uiAccess='false'" /DEBUG /PDB:"C:\Users\DELL\Documents\Visual Studio 2010\Projects\WaysToDecodeaString_2019\Debug\WaysToDecodeaString_2019.pdb" /SUBSYSTEM:CONSOLE /TLBID:1 /DYNAMICBASE /NXCOMPAT /IMPLIB:"C:\Users\DELL\Documents\Visual Studio 2010\Projects\WaysToDecodeaString_2019\Debug\WaysToDecodeaString_2019.lib" /MACHINE:X86 Debug\WaysToDecodeaString_2019.exe.embed.manifest.res
         Debug\WaysToDecodeaString.obj
       Manifest:
         C:\Program Files (x86)\Microsoft SDKs\Windows\v7.0A\bin\mt.exe /nologo /verbose /out:"Debug\WaysToDecodeaString_2019.exe.embed.manifest" /manifest Debug\WaysToDecodeaString_2019.exe.intermediate.manifest
         All outputs are up-to-date.
       LinkEmbedManifest:
         All outputs are up-to-date.
         WaysToDecodeaString_2019.vcxproj -> C:\Users\DELL\Documents\Visual Studio 2010\Projects\WaysToDecodeaString_2019\Debug\WaysToDecodeaString_2019.exe
       FinalizeBuildStatus:
         Deleting file "Debug\WaysToDecodeaString_2019.unsuccessfulbuild".
         Touching "Debug\WaysToDecodeaString_2019.lastbuildstate".
     1>Done Building Project "C:\Users\DELL\Documents\Visual Studio 2010\Projects\WaysToDecodeaString_2019\WaysToDecodeaString_2019\WaysToDecodeaString_2019.vcxproj" (build target(s)).

Build succeeded.

Time Elapsed 00:00:02.11
