Build started 12/05/2018 09:02:45 م.
     1>Project "c:\Users\DELL\documents\visual studio 2010\Projects\factorial\factorial\factorial.vcxproj" on node 2 (build target(s)).
     1>InitializeBuildStatus:
         Creating "Debug\factorial.unsuccessfulbuild" because "AlwaysCreate" was specified.
       ClCompile:
         C:\Program Files (x86)\Microsoft Visual Studio 10.0\VC\bin\CL.exe /c /ZI /nologo /W3 /WX- /Od /Oy- /D WIN32 /D _DEBUG /D _CONSOLE /D _UNICODE /D UNICODE /Gm /EHsc /RTC1 /MDd /GS /fp:precise /Zc:wchar_t /Zc:forScope /Fo"Debug\\" /Fd"Debug\vc100.pdb" /Gd /TP /analyze- /errorReport:prompt factorial.cpp
         factorial.cpp
     1>c:\users\dell\documents\visual studio 2010\projects\factorial\factorial\factorial.cpp(7): warning C4552: '*' : operator has no effect; expected operator with side-effect
     1>c:\users\dell\documents\visual studio 2010\projects\factorial\factorial\factorial.cpp(8): warning C4715: 'factorial' : not all control paths return a value
       ManifestResourceCompile:
         All outputs are up-to-date.
       Link:
         C:\Program Files (x86)\Microsoft Visual Studio 10.0\VC\bin\link.exe /ERRORREPORT:PROMPT /OUT:"c:\users\dell\documents\visual studio 2010\Projects\factorial\Debug\factorial.exe" /INCREMENTAL /NOLOGO kernel32.lib user32.lib gdi32.lib winspool.lib comdlg32.lib advapi32.lib shell32.lib ole32.lib oleaut32.lib uuid.lib odbc32.lib odbccp32.lib /MANIFEST /ManifestFile:"Debug\factorial.exe.intermediate.manifest" /MANIFESTUAC:"level='asInvoker' uiAccess='false'" /DEBUG /PDB:"c:\users\dell\documents\visual studio 2010\Projects\factorial\Debug\factorial.pdb" /SUBSYSTEM:CONSOLE /TLBID:1 /DYNAMICBASE /NXCOMPAT /IMPLIB:"c:\users\dell\documents\visual studio 2010\Projects\factorial\Debug\factorial.lib" /MACHINE:X86 Debug\factorial.exe.embed.manifest.res
         Debug\factorial.obj
       Manifest:
         C:\Program Files (x86)\Microsoft SDKs\Windows\v7.0A\bin\mt.exe /nologo /verbose /out:"Debug\factorial.exe.embed.manifest" /manifest Debug\factorial.exe.intermediate.manifest
         All outputs are up-to-date.
       LinkEmbedManifest:
         All outputs are up-to-date.
         factorial.vcxproj -> c:\users\dell\documents\visual studio 2010\Projects\factorial\Debug\factorial.exe
       FinalizeBuildStatus:
         Deleting file "Debug\factorial.unsuccessfulbuild".
         Touching "Debug\factorial.lastbuildstate".
     1>Done Building Project "c:\Users\DELL\documents\visual studio 2010\Projects\factorial\factorial\factorial.vcxproj" (build target(s)).

Build succeeded.

Time Elapsed 00:00:00.90
